find_executable: checking for pg_config... -------------------- yes

--------------------

have_header: checking for libpq-fe.h... -------------------- yes

"gcc -o conftest -I/home/bernardo/.rvm/rubies/ruby-1.9.2-head/include/ruby-1.9.1/x86_64-linux -I/home/bernardo/.rvm/rubies/ruby-1.9.2-head/include/ruby-1.9.1/ruby/backward -I/home/bernardo/.rvm/rubies/ruby-1.9.2-head/include/ruby-1.9.1 -I.    -I/usr/include  -O3 -ggdb -Wextra -Wno-unused-parameter -Wno-parentheses -Wpointer-arith -Wwrite-strings -Wno-missing-field-initializers -Wno-long-long  -fPIC conftest.c  -L. -L/home/bernardo/.rvm/rubies/ruby-1.9.2-head/lib -Wl,-R/home/bernardo/.rvm/rubies/ruby-1.9.2-head/lib -L.  -rdynamic -Wl,-export-dynamic -L/usr/lib     -Wl,-R -Wl,/home/bernardo/.rvm/rubies/ruby-1.9.2-head/lib -L/home/bernardo/.rvm/rubies/ruby-1.9.2-head/lib -lruby-static  -lpthread -lrt -ldl -lcrypt -lm   -lc"
checked program was:
/* begin */
1: #include "ruby.h"
2: 
3: int main() {return 0;}
/* end */

"gcc -E -I/home/bernardo/.rvm/rubies/ruby-1.9.2-head/include/ruby-1.9.1/x86_64-linux -I/home/bernardo/.rvm/rubies/ruby-1.9.2-head/include/ruby-1.9.1/ruby/backward -I/home/bernardo/.rvm/rubies/ruby-1.9.2-head/include/ruby-1.9.1 -I.    -I/usr/include  -O3 -ggdb -Wextra -Wno-unused-parameter -Wno-parentheses -Wpointer-arith -Wwrite-strings -Wno-missing-field-initializers -Wno-long-long  -fPIC  conftest.c -o conftest.i"
checked program was:
/* begin */
1: #include "ruby.h"
2: 
3: #include <libpq-fe.h>
/* end */

--------------------

have_header: checking for libpq/libpq-fs.h... -------------------- yes

"gcc -E -I/home/bernardo/.rvm/rubies/ruby-1.9.2-head/include/ruby-1.9.1/x86_64-linux -I/home/bernardo/.rvm/rubies/ruby-1.9.2-head/include/ruby-1.9.1/ruby/backward -I/home/bernardo/.rvm/rubies/ruby-1.9.2-head/include/ruby-1.9.1 -I.    -I/usr/include  -O3 -ggdb -Wextra -Wno-unused-parameter -Wno-parentheses -Wpointer-arith -Wwrite-strings -Wno-missing-field-initializers -Wno-long-long  -fPIC  conftest.c -o conftest.i"
checked program was:
/* begin */
1: #include "ruby.h"
2: 
3: #include <libpq/libpq-fs.h>
/* end */

--------------------

have_library: checking for PQconnectdb() in -lpq... -------------------- yes

"gcc -o conftest -I/home/bernardo/.rvm/rubies/ruby-1.9.2-head/include/ruby-1.9.1/x86_64-linux -I/home/bernardo/.rvm/rubies/ruby-1.9.2-head/include/ruby-1.9.1/ruby/backward -I/home/bernardo/.rvm/rubies/ruby-1.9.2-head/include/ruby-1.9.1 -I.    -I/usr/include  -O3 -ggdb -Wextra -Wno-unused-parameter -Wno-parentheses -Wpointer-arith -Wwrite-strings -Wno-missing-field-initializers -Wno-long-long  -fPIC conftest.c  -L. -L/home/bernardo/.rvm/rubies/ruby-1.9.2-head/lib -Wl,-R/home/bernardo/.rvm/rubies/ruby-1.9.2-head/lib -L.  -rdynamic -Wl,-export-dynamic -L/usr/lib     -Wl,-R -Wl,/home/bernardo/.rvm/rubies/ruby-1.9.2-head/lib -L/home/bernardo/.rvm/rubies/ruby-1.9.2-head/lib -lruby-static -lpq  -lpthread -lrt -ldl -lcrypt -lm   -lc"
conftest.c: En la función ‘t’:
conftest.c:5:53: error: ‘PQconnectdb’ no se declaró aquí (primer uso en esta función)
conftest.c:5:53: nota: cada identificador sin declarar se reporta sólo una vez para cada función en el que aparece
checked program was:
/* begin */
1: #include "ruby.h"
2: 
3: /*top*/
4: int main() {return 0;}
5: int t() { void ((*volatile p)()); p = (void ((*)()))PQconnectdb; return 0; }
/* end */

"gcc -o conftest -I/home/bernardo/.rvm/rubies/ruby-1.9.2-head/include/ruby-1.9.1/x86_64-linux -I/home/bernardo/.rvm/rubies/ruby-1.9.2-head/include/ruby-1.9.1/ruby/backward -I/home/bernardo/.rvm/rubies/ruby-1.9.2-head/include/ruby-1.9.1 -I.    -I/usr/include  -O3 -ggdb -Wextra -Wno-unused-parameter -Wno-parentheses -Wpointer-arith -Wwrite-strings -Wno-missing-field-initializers -Wno-long-long  -fPIC conftest.c  -L. -L/home/bernardo/.rvm/rubies/ruby-1.9.2-head/lib -Wl,-R/home/bernardo/.rvm/rubies/ruby-1.9.2-head/lib -L.  -rdynamic -Wl,-export-dynamic -L/usr/lib     -Wl,-R -Wl,/home/bernardo/.rvm/rubies/ruby-1.9.2-head/lib -L/home/bernardo/.rvm/rubies/ruby-1.9.2-head/lib -lruby-static -lpq  -lpthread -lrt -ldl -lcrypt -lm   -lc"
checked program was:
/* begin */
1: #include "ruby.h"
2: 
3: /*top*/
4: int main() {return 0;}
5: int t() { PQconnectdb(); return 0; }
/* end */

--------------------

have_func: checking for PQconnectionUsedPassword()... -------------------- yes

"gcc -o conftest -I/home/bernardo/.rvm/rubies/ruby-1.9.2-head/include/ruby-1.9.1/x86_64-linux -I/home/bernardo/.rvm/rubies/ruby-1.9.2-head/include/ruby-1.9.1/ruby/backward -I/home/bernardo/.rvm/rubies/ruby-1.9.2-head/include/ruby-1.9.1 -I.    -I/usr/include  -O3 -ggdb -Wextra -Wno-unused-parameter -Wno-parentheses -Wpointer-arith -Wwrite-strings -Wno-missing-field-initializers -Wno-long-long  -fPIC conftest.c  -L. -L/home/bernardo/.rvm/rubies/ruby-1.9.2-head/lib -Wl,-R/home/bernardo/.rvm/rubies/ruby-1.9.2-head/lib -L.  -rdynamic -Wl,-export-dynamic -L/usr/lib    -lpq  -Wl,-R -Wl,/home/bernardo/.rvm/rubies/ruby-1.9.2-head/lib -L/home/bernardo/.rvm/rubies/ruby-1.9.2-head/lib -lruby-static -lpq  -lpthread -lrt -ldl -lcrypt -lm   -lc"
conftest.c: En la función ‘t’:
conftest.c:5:53: error: ‘PQconnectionUsedPassword’ no se declaró aquí (primer uso en esta función)
conftest.c:5:53: nota: cada identificador sin declarar se reporta sólo una vez para cada función en el que aparece
checked program was:
/* begin */
1: #include "ruby.h"
2: 
3: /*top*/
4: int main() {return 0;}
5: int t() { void ((*volatile p)()); p = (void ((*)()))PQconnectionUsedPassword; return 0; }
/* end */

"gcc -o conftest -I/home/bernardo/.rvm/rubies/ruby-1.9.2-head/include/ruby-1.9.1/x86_64-linux -I/home/bernardo/.rvm/rubies/ruby-1.9.2-head/include/ruby-1.9.1/ruby/backward -I/home/bernardo/.rvm/rubies/ruby-1.9.2-head/include/ruby-1.9.1 -I.    -I/usr/include  -O3 -ggdb -Wextra -Wno-unused-parameter -Wno-parentheses -Wpointer-arith -Wwrite-strings -Wno-missing-field-initializers -Wno-long-long  -fPIC conftest.c  -L. -L/home/bernardo/.rvm/rubies/ruby-1.9.2-head/lib -Wl,-R/home/bernardo/.rvm/rubies/ruby-1.9.2-head/lib -L.  -rdynamic -Wl,-export-dynamic -L/usr/lib    -lpq  -Wl,-R -Wl,/home/bernardo/.rvm/rubies/ruby-1.9.2-head/lib -L/home/bernardo/.rvm/rubies/ruby-1.9.2-head/lib -lruby-static -lpq  -lpthread -lrt -ldl -lcrypt -lm   -lc"
checked program was:
/* begin */
1: #include "ruby.h"
2: 
3: /*top*/
4: int main() {return 0;}
5: int t() { PQconnectionUsedPassword(); return 0; }
/* end */

--------------------

have_func: checking for PQisthreadsafe()... -------------------- yes

"gcc -o conftest -I/home/bernardo/.rvm/rubies/ruby-1.9.2-head/include/ruby-1.9.1/x86_64-linux -I/home/bernardo/.rvm/rubies/ruby-1.9.2-head/include/ruby-1.9.1/ruby/backward -I/home/bernardo/.rvm/rubies/ruby-1.9.2-head/include/ruby-1.9.1 -I.    -I/usr/include  -O3 -ggdb -Wextra -Wno-unused-parameter -Wno-parentheses -Wpointer-arith -Wwrite-strings -Wno-missing-field-initializers -Wno-long-long  -fPIC conftest.c  -L. -L/home/bernardo/.rvm/rubies/ruby-1.9.2-head/lib -Wl,-R/home/bernardo/.rvm/rubies/ruby-1.9.2-head/lib -L.  -rdynamic -Wl,-export-dynamic -L/usr/lib    -lpq  -Wl,-R -Wl,/home/bernardo/.rvm/rubies/ruby-1.9.2-head/lib -L/home/bernardo/.rvm/rubies/ruby-1.9.2-head/lib -lruby-static -lpq  -lpthread -lrt -ldl -lcrypt -lm   -lc"
conftest.c: En la función ‘t’:
conftest.c:5:53: error: ‘PQisthreadsafe’ no se declaró aquí (primer uso en esta función)
conftest.c:5:53: nota: cada identificador sin declarar se reporta sólo una vez para cada función en el que aparece
checked program was:
/* begin */
1: #include "ruby.h"
2: 
3: /*top*/
4: int main() {return 0;}
5: int t() { void ((*volatile p)()); p = (void ((*)()))PQisthreadsafe; return 0; }
/* end */

"gcc -o conftest -I/home/bernardo/.rvm/rubies/ruby-1.9.2-head/include/ruby-1.9.1/x86_64-linux -I/home/bernardo/.rvm/rubies/ruby-1.9.2-head/include/ruby-1.9.1/ruby/backward -I/home/bernardo/.rvm/rubies/ruby-1.9.2-head/include/ruby-1.9.1 -I.    -I/usr/include  -O3 -ggdb -Wextra -Wno-unused-parameter -Wno-parentheses -Wpointer-arith -Wwrite-strings -Wno-missing-field-initializers -Wno-long-long  -fPIC conftest.c  -L. -L/home/bernardo/.rvm/rubies/ruby-1.9.2-head/lib -Wl,-R/home/bernardo/.rvm/rubies/ruby-1.9.2-head/lib -L.  -rdynamic -Wl,-export-dynamic -L/usr/lib    -lpq  -Wl,-R -Wl,/home/bernardo/.rvm/rubies/ruby-1.9.2-head/lib -L/home/bernardo/.rvm/rubies/ruby-1.9.2-head/lib -lruby-static -lpq  -lpthread -lrt -ldl -lcrypt -lm   -lc"
checked program was:
/* begin */
1: #include "ruby.h"
2: 
3: /*top*/
4: int main() {return 0;}
5: int t() { PQisthreadsafe(); return 0; }
/* end */

--------------------

have_func: checking for PQprepare()... -------------------- yes

"gcc -o conftest -I/home/bernardo/.rvm/rubies/ruby-1.9.2-head/include/ruby-1.9.1/x86_64-linux -I/home/bernardo/.rvm/rubies/ruby-1.9.2-head/include/ruby-1.9.1/ruby/backward -I/home/bernardo/.rvm/rubies/ruby-1.9.2-head/include/ruby-1.9.1 -I.    -I/usr/include  -O3 -ggdb -Wextra -Wno-unused-parameter -Wno-parentheses -Wpointer-arith -Wwrite-strings -Wno-missing-field-initializers -Wno-long-long  -fPIC conftest.c  -L. -L/home/bernardo/.rvm/rubies/ruby-1.9.2-head/lib -Wl,-R/home/bernardo/.rvm/rubies/ruby-1.9.2-head/lib -L.  -rdynamic -Wl,-export-dynamic -L/usr/lib    -lpq  -Wl,-R -Wl,/home/bernardo/.rvm/rubies/ruby-1.9.2-head/lib -L/home/bernardo/.rvm/rubies/ruby-1.9.2-head/lib -lruby-static -lpq  -lpthread -lrt -ldl -lcrypt -lm   -lc"
conftest.c: En la función ‘t’:
conftest.c:5:53: error: ‘PQprepare’ no se declaró aquí (primer uso en esta función)
conftest.c:5:53: nota: cada identificador sin declarar se reporta sólo una vez para cada función en el que aparece
checked program was:
/* begin */
1: #include "ruby.h"
2: 
3: /*top*/
4: int main() {return 0;}
5: int t() { void ((*volatile p)()); p = (void ((*)()))PQprepare; return 0; }
/* end */

"gcc -o conftest -I/home/bernardo/.rvm/rubies/ruby-1.9.2-head/include/ruby-1.9.1/x86_64-linux -I/home/bernardo/.rvm/rubies/ruby-1.9.2-head/include/ruby-1.9.1/ruby/backward -I/home/bernardo/.rvm/rubies/ruby-1.9.2-head/include/ruby-1.9.1 -I.    -I/usr/include  -O3 -ggdb -Wextra -Wno-unused-parameter -Wno-parentheses -Wpointer-arith -Wwrite-strings -Wno-missing-field-initializers -Wno-long-long  -fPIC conftest.c  -L. -L/home/bernardo/.rvm/rubies/ruby-1.9.2-head/lib -Wl,-R/home/bernardo/.rvm/rubies/ruby-1.9.2-head/lib -L.  -rdynamic -Wl,-export-dynamic -L/usr/lib    -lpq  -Wl,-R -Wl,/home/bernardo/.rvm/rubies/ruby-1.9.2-head/lib -L/home/bernardo/.rvm/rubies/ruby-1.9.2-head/lib -lruby-static -lpq  -lpthread -lrt -ldl -lcrypt -lm   -lc"
checked program was:
/* begin */
1: #include "ruby.h"
2: 
3: /*top*/
4: int main() {return 0;}
5: int t() { PQprepare(); return 0; }
/* end */

--------------------

have_func: checking for PQexecParams()... -------------------- yes

"gcc -o conftest -I/home/bernardo/.rvm/rubies/ruby-1.9.2-head/include/ruby-1.9.1/x86_64-linux -I/home/bernardo/.rvm/rubies/ruby-1.9.2-head/include/ruby-1.9.1/ruby/backward -I/home/bernardo/.rvm/rubies/ruby-1.9.2-head/include/ruby-1.9.1 -I.    -I/usr/include  -O3 -ggdb -Wextra -Wno-unused-parameter -Wno-parentheses -Wpointer-arith -Wwrite-strings -Wno-missing-field-initializers -Wno-long-long  -fPIC conftest.c  -L. -L/home/bernardo/.rvm/rubies/ruby-1.9.2-head/lib -Wl,-R/home/bernardo/.rvm/rubies/ruby-1.9.2-head/lib -L.  -rdynamic -Wl,-export-dynamic -L/usr/lib    -lpq  -Wl,-R -Wl,/home/bernardo/.rvm/rubies/ruby-1.9.2-head/lib -L/home/bernardo/.rvm/rubies/ruby-1.9.2-head/lib -lruby-static -lpq  -lpthread -lrt -ldl -lcrypt -lm   -lc"
conftest.c: En la función ‘t’:
conftest.c:5:53: error: ‘PQexecParams’ no se declaró aquí (primer uso en esta función)
conftest.c:5:53: nota: cada identificador sin declarar se reporta sólo una vez para cada función en el que aparece
checked program was:
/* begin */
1: #include "ruby.h"
2: 
3: /*top*/
4: int main() {return 0;}
5: int t() { void ((*volatile p)()); p = (void ((*)()))PQexecParams; return 0; }
/* end */

"gcc -o conftest -I/home/bernardo/.rvm/rubies/ruby-1.9.2-head/include/ruby-1.9.1/x86_64-linux -I/home/bernardo/.rvm/rubies/ruby-1.9.2-head/include/ruby-1.9.1/ruby/backward -I/home/bernardo/.rvm/rubies/ruby-1.9.2-head/include/ruby-1.9.1 -I.    -I/usr/include  -O3 -ggdb -Wextra -Wno-unused-parameter -Wno-parentheses -Wpointer-arith -Wwrite-strings -Wno-missing-field-initializers -Wno-long-long  -fPIC conftest.c  -L. -L/home/bernardo/.rvm/rubies/ruby-1.9.2-head/lib -Wl,-R/home/bernardo/.rvm/rubies/ruby-1.9.2-head/lib -L.  -rdynamic -Wl,-export-dynamic -L/usr/lib    -lpq  -Wl,-R -Wl,/home/bernardo/.rvm/rubies/ruby-1.9.2-head/lib -L/home/bernardo/.rvm/rubies/ruby-1.9.2-head/lib -lruby-static -lpq  -lpthread -lrt -ldl -lcrypt -lm   -lc"
checked program was:
/* begin */
1: #include "ruby.h"
2: 
3: /*top*/
4: int main() {return 0;}
5: int t() { PQexecParams(); return 0; }
/* end */

--------------------

have_func: checking for PQescapeString()... -------------------- yes

"gcc -o conftest -I/home/bernardo/.rvm/rubies/ruby-1.9.2-head/include/ruby-1.9.1/x86_64-linux -I/home/bernardo/.rvm/rubies/ruby-1.9.2-head/include/ruby-1.9.1/ruby/backward -I/home/bernardo/.rvm/rubies/ruby-1.9.2-head/include/ruby-1.9.1 -I.    -I/usr/include  -O3 -ggdb -Wextra -Wno-unused-parameter -Wno-parentheses -Wpointer-arith -Wwrite-strings -Wno-missing-field-initializers -Wno-long-long  -fPIC conftest.c  -L. -L/home/bernardo/.rvm/rubies/ruby-1.9.2-head/lib -Wl,-R/home/bernardo/.rvm/rubies/ruby-1.9.2-head/lib -L.  -rdynamic -Wl,-export-dynamic -L/usr/lib    -lpq  -Wl,-R -Wl,/home/bernardo/.rvm/rubies/ruby-1.9.2-head/lib -L/home/bernardo/.rvm/rubies/ruby-1.9.2-head/lib -lruby-static -lpq  -lpthread -lrt -ldl -lcrypt -lm   -lc"
conftest.c: En la función ‘t’:
conftest.c:5:53: error: ‘PQescapeString’ no se declaró aquí (primer uso en esta función)
conftest.c:5:53: nota: cada identificador sin declarar se reporta sólo una vez para cada función en el que aparece
checked program was:
/* begin */
1: #include "ruby.h"
2: 
3: /*top*/
4: int main() {return 0;}
5: int t() { void ((*volatile p)()); p = (void ((*)()))PQescapeString; return 0; }
/* end */

"gcc -o conftest -I/home/bernardo/.rvm/rubies/ruby-1.9.2-head/include/ruby-1.9.1/x86_64-linux -I/home/bernardo/.rvm/rubies/ruby-1.9.2-head/include/ruby-1.9.1/ruby/backward -I/home/bernardo/.rvm/rubies/ruby-1.9.2-head/include/ruby-1.9.1 -I.    -I/usr/include  -O3 -ggdb -Wextra -Wno-unused-parameter -Wno-parentheses -Wpointer-arith -Wwrite-strings -Wno-missing-field-initializers -Wno-long-long  -fPIC conftest.c  -L. -L/home/bernardo/.rvm/rubies/ruby-1.9.2-head/lib -Wl,-R/home/bernardo/.rvm/rubies/ruby-1.9.2-head/lib -L.  -rdynamic -Wl,-export-dynamic -L/usr/lib    -lpq  -Wl,-R -Wl,/home/bernardo/.rvm/rubies/ruby-1.9.2-head/lib -L/home/bernardo/.rvm/rubies/ruby-1.9.2-head/lib -lruby-static -lpq  -lpthread -lrt -ldl -lcrypt -lm   -lc"
checked program was:
/* begin */
1: #include "ruby.h"
2: 
3: /*top*/
4: int main() {return 0;}
5: int t() { PQescapeString(); return 0; }
/* end */

--------------------

have_func: checking for PQescapeStringConn()... -------------------- yes

"gcc -o conftest -I/home/bernardo/.rvm/rubies/ruby-1.9.2-head/include/ruby-1.9.1/x86_64-linux -I/home/bernardo/.rvm/rubies/ruby-1.9.2-head/include/ruby-1.9.1/ruby/backward -I/home/bernardo/.rvm/rubies/ruby-1.9.2-head/include/ruby-1.9.1 -I.    -I/usr/include  -O3 -ggdb -Wextra -Wno-unused-parameter -Wno-parentheses -Wpointer-arith -Wwrite-strings -Wno-missing-field-initializers -Wno-long-long  -fPIC conftest.c  -L. -L/home/bernardo/.rvm/rubies/ruby-1.9.2-head/lib -Wl,-R/home/bernardo/.rvm/rubies/ruby-1.9.2-head/lib -L.  -rdynamic -Wl,-export-dynamic -L/usr/lib    -lpq  -Wl,-R -Wl,/home/bernardo/.rvm/rubies/ruby-1.9.2-head/lib -L/home/bernardo/.rvm/rubies/ruby-1.9.2-head/lib -lruby-static -lpq  -lpthread -lrt -ldl -lcrypt -lm   -lc"
conftest.c: En la función ‘t’:
conftest.c:5:53: error: ‘PQescapeStringConn’ no se declaró aquí (primer uso en esta función)
conftest.c:5:53: nota: cada identificador sin declarar se reporta sólo una vez para cada función en el que aparece
checked program was:
/* begin */
1: #include "ruby.h"
2: 
3: /*top*/
4: int main() {return 0;}
5: int t() { void ((*volatile p)()); p = (void ((*)()))PQescapeStringConn; return 0; }
/* end */

"gcc -o conftest -I/home/bernardo/.rvm/rubies/ruby-1.9.2-head/include/ruby-1.9.1/x86_64-linux -I/home/bernardo/.rvm/rubies/ruby-1.9.2-head/include/ruby-1.9.1/ruby/backward -I/home/bernardo/.rvm/rubies/ruby-1.9.2-head/include/ruby-1.9.1 -I.    -I/usr/include  -O3 -ggdb -Wextra -Wno-unused-parameter -Wno-parentheses -Wpointer-arith -Wwrite-strings -Wno-missing-field-initializers -Wno-long-long  -fPIC conftest.c  -L. -L/home/bernardo/.rvm/rubies/ruby-1.9.2-head/lib -Wl,-R/home/bernardo/.rvm/rubies/ruby-1.9.2-head/lib -L.  -rdynamic -Wl,-export-dynamic -L/usr/lib    -lpq  -Wl,-R -Wl,/home/bernardo/.rvm/rubies/ruby-1.9.2-head/lib -L/home/bernardo/.rvm/rubies/ruby-1.9.2-head/lib -lruby-static -lpq  -lpthread -lrt -ldl -lcrypt -lm   -lc"
checked program was:
/* begin */
1: #include "ruby.h"
2: 
3: /*top*/
4: int main() {return 0;}
5: int t() { PQescapeStringConn(); return 0; }
/* end */

--------------------

have_func: checking for lo_create()... -------------------- yes

"gcc -o conftest -I/home/bernardo/.rvm/rubies/ruby-1.9.2-head/include/ruby-1.9.1/x86_64-linux -I/home/bernardo/.rvm/rubies/ruby-1.9.2-head/include/ruby-1.9.1/ruby/backward -I/home/bernardo/.rvm/rubies/ruby-1.9.2-head/include/ruby-1.9.1 -I.    -I/usr/include  -O3 -ggdb -Wextra -Wno-unused-parameter -Wno-parentheses -Wpointer-arith -Wwrite-strings -Wno-missing-field-initializers -Wno-long-long  -fPIC conftest.c  -L. -L/home/bernardo/.rvm/rubies/ruby-1.9.2-head/lib -Wl,-R/home/bernardo/.rvm/rubies/ruby-1.9.2-head/lib -L.  -rdynamic -Wl,-export-dynamic -L/usr/lib    -lpq  -Wl,-R -Wl,/home/bernardo/.rvm/rubies/ruby-1.9.2-head/lib -L/home/bernardo/.rvm/rubies/ruby-1.9.2-head/lib -lruby-static -lpq  -lpthread -lrt -ldl -lcrypt -lm   -lc"
conftest.c: En la función ‘t’:
conftest.c:5:53: error: ‘lo_create’ no se declaró aquí (primer uso en esta función)
conftest.c:5:53: nota: cada identificador sin declarar se reporta sólo una vez para cada función en el que aparece
checked program was:
/* begin */
1: #include "ruby.h"
2: 
3: /*top*/
4: int main() {return 0;}
5: int t() { void ((*volatile p)()); p = (void ((*)()))lo_create; return 0; }
/* end */

"gcc -o conftest -I/home/bernardo/.rvm/rubies/ruby-1.9.2-head/include/ruby-1.9.1/x86_64-linux -I/home/bernardo/.rvm/rubies/ruby-1.9.2-head/include/ruby-1.9.1/ruby/backward -I/home/bernardo/.rvm/rubies/ruby-1.9.2-head/include/ruby-1.9.1 -I.    -I/usr/include  -O3 -ggdb -Wextra -Wno-unused-parameter -Wno-parentheses -Wpointer-arith -Wwrite-strings -Wno-missing-field-initializers -Wno-long-long  -fPIC conftest.c  -L. -L/home/bernardo/.rvm/rubies/ruby-1.9.2-head/lib -Wl,-R/home/bernardo/.rvm/rubies/ruby-1.9.2-head/lib -L.  -rdynamic -Wl,-export-dynamic -L/usr/lib    -lpq  -Wl,-R -Wl,/home/bernardo/.rvm/rubies/ruby-1.9.2-head/lib -L/home/bernardo/.rvm/rubies/ruby-1.9.2-head/lib -lruby-static -lpq  -lpthread -lrt -ldl -lcrypt -lm   -lc"
checked program was:
/* begin */
1: #include "ruby.h"
2: 
3: /*top*/
4: int main() {return 0;}
5: int t() { lo_create(); return 0; }
/* end */

--------------------

have_func: checking for pg_encoding_to_char()... -------------------- yes

"gcc -o conftest -I/home/bernardo/.rvm/rubies/ruby-1.9.2-head/include/ruby-1.9.1/x86_64-linux -I/home/bernardo/.rvm/rubies/ruby-1.9.2-head/include/ruby-1.9.1/ruby/backward -I/home/bernardo/.rvm/rubies/ruby-1.9.2-head/include/ruby-1.9.1 -I.    -I/usr/include  -O3 -ggdb -Wextra -Wno-unused-parameter -Wno-parentheses -Wpointer-arith -Wwrite-strings -Wno-missing-field-initializers -Wno-long-long  -fPIC conftest.c  -L. -L/home/bernardo/.rvm/rubies/ruby-1.9.2-head/lib -Wl,-R/home/bernardo/.rvm/rubies/ruby-1.9.2-head/lib -L.  -rdynamic -Wl,-export-dynamic -L/usr/lib    -lpq  -Wl,-R -Wl,/home/bernardo/.rvm/rubies/ruby-1.9.2-head/lib -L/home/bernardo/.rvm/rubies/ruby-1.9.2-head/lib -lruby-static -lpq  -lpthread -lrt -ldl -lcrypt -lm   -lc"
conftest.c: En la función ‘t’:
conftest.c:5:53: error: ‘pg_encoding_to_char’ no se declaró aquí (primer uso en esta función)
conftest.c:5:53: nota: cada identificador sin declarar se reporta sólo una vez para cada función en el que aparece
checked program was:
/* begin */
1: #include "ruby.h"
2: 
3: /*top*/
4: int main() {return 0;}
5: int t() { void ((*volatile p)()); p = (void ((*)()))pg_encoding_to_char; return 0; }
/* end */

"gcc -o conftest -I/home/bernardo/.rvm/rubies/ruby-1.9.2-head/include/ruby-1.9.1/x86_64-linux -I/home/bernardo/.rvm/rubies/ruby-1.9.2-head/include/ruby-1.9.1/ruby/backward -I/home/bernardo/.rvm/rubies/ruby-1.9.2-head/include/ruby-1.9.1 -I.    -I/usr/include  -O3 -ggdb -Wextra -Wno-unused-parameter -Wno-parentheses -Wpointer-arith -Wwrite-strings -Wno-missing-field-initializers -Wno-long-long  -fPIC conftest.c  -L. -L/home/bernardo/.rvm/rubies/ruby-1.9.2-head/lib -Wl,-R/home/bernardo/.rvm/rubies/ruby-1.9.2-head/lib -L.  -rdynamic -Wl,-export-dynamic -L/usr/lib    -lpq  -Wl,-R -Wl,/home/bernardo/.rvm/rubies/ruby-1.9.2-head/lib -L/home/bernardo/.rvm/rubies/ruby-1.9.2-head/lib -lruby-static -lpq  -lpthread -lrt -ldl -lcrypt -lm   -lc"
checked program was:
/* begin */
1: #include "ruby.h"
2: 
3: /*top*/
4: int main() {return 0;}
5: int t() { pg_encoding_to_char(); return 0; }
/* end */

--------------------

have_func: checking for PQsetClientEncoding()... -------------------- yes

"gcc -o conftest -I/home/bernardo/.rvm/rubies/ruby-1.9.2-head/include/ruby-1.9.1/x86_64-linux -I/home/bernardo/.rvm/rubies/ruby-1.9.2-head/include/ruby-1.9.1/ruby/backward -I/home/bernardo/.rvm/rubies/ruby-1.9.2-head/include/ruby-1.9.1 -I.    -I/usr/include  -O3 -ggdb -Wextra -Wno-unused-parameter -Wno-parentheses -Wpointer-arith -Wwrite-strings -Wno-missing-field-initializers -Wno-long-long  -fPIC conftest.c  -L. -L/home/bernardo/.rvm/rubies/ruby-1.9.2-head/lib -Wl,-R/home/bernardo/.rvm/rubies/ruby-1.9.2-head/lib -L.  -rdynamic -Wl,-export-dynamic -L/usr/lib    -lpq  -Wl,-R -Wl,/home/bernardo/.rvm/rubies/ruby-1.9.2-head/lib -L/home/bernardo/.rvm/rubies/ruby-1.9.2-head/lib -lruby-static -lpq  -lpthread -lrt -ldl -lcrypt -lm   -lc"
conftest.c: En la función ‘t’:
conftest.c:5:53: error: ‘PQsetClientEncoding’ no se declaró aquí (primer uso en esta función)
conftest.c:5:53: nota: cada identificador sin declarar se reporta sólo una vez para cada función en el que aparece
checked program was:
/* begin */
1: #include "ruby.h"
2: 
3: /*top*/
4: int main() {return 0;}
5: int t() { void ((*volatile p)()); p = (void ((*)()))PQsetClientEncoding; return 0; }
/* end */

"gcc -o conftest -I/home/bernardo/.rvm/rubies/ruby-1.9.2-head/include/ruby-1.9.1/x86_64-linux -I/home/bernardo/.rvm/rubies/ruby-1.9.2-head/include/ruby-1.9.1/ruby/backward -I/home/bernardo/.rvm/rubies/ruby-1.9.2-head/include/ruby-1.9.1 -I.    -I/usr/include  -O3 -ggdb -Wextra -Wno-unused-parameter -Wno-parentheses -Wpointer-arith -Wwrite-strings -Wno-missing-field-initializers -Wno-long-long  -fPIC conftest.c  -L. -L/home/bernardo/.rvm/rubies/ruby-1.9.2-head/lib -Wl,-R/home/bernardo/.rvm/rubies/ruby-1.9.2-head/lib -L.  -rdynamic -Wl,-export-dynamic -L/usr/lib    -lpq  -Wl,-R -Wl,/home/bernardo/.rvm/rubies/ruby-1.9.2-head/lib -L/home/bernardo/.rvm/rubies/ruby-1.9.2-head/lib -lruby-static -lpq  -lpthread -lrt -ldl -lcrypt -lm   -lc"
checked program was:
/* begin */
1: #include "ruby.h"
2: 
3: /*top*/
4: int main() {return 0;}
5: int t() { PQsetClientEncoding(); return 0; }
/* end */

--------------------

have_header: checking for unistd.h... -------------------- yes

"gcc -E -I/home/bernardo/.rvm/rubies/ruby-1.9.2-head/include/ruby-1.9.1/x86_64-linux -I/home/bernardo/.rvm/rubies/ruby-1.9.2-head/include/ruby-1.9.1/ruby/backward -I/home/bernardo/.rvm/rubies/ruby-1.9.2-head/include/ruby-1.9.1 -I.    -I/usr/include  -O3 -ggdb -Wextra -Wno-unused-parameter -Wno-parentheses -Wpointer-arith -Wwrite-strings -Wno-missing-field-initializers -Wno-long-long  -fPIC  conftest.c -o conftest.i"
checked program was:
/* begin */
1: #include "ruby.h"
2: 
3: #include <unistd.h>
/* end */

--------------------

